<?xml version="1.0" encoding="UTF-8"?>
<!-- Generated by org.testng.reporters.JUnitXMLReporter -->
<testsuite ignored="0" hostname="DESKTOP-PH7A2OE" failures="0" tests="4" name="Adding customer " time="2.253" errors="0" timestamp="2020-04-18T10:13:24 IST">
  <testcase classname="com.w2a.testcases.AddCust" name="add" time="0.0">
    <skipped/>
  </testcase> <!-- add -->
  <testcase classname="com.w2a.testcases.AddCust" name="add" time="0.0">
    <skipped/>
  </testcase> <!-- add -->
  <testcase classname="com.w2a.testcases.AddCust" name="add" time="0.0">
    <skipped/>
  </testcase> <!-- add -->
  <testcase classname="com.w2a.testcases.AddCust" name="check" time="0.0">
    <skipped/>
  </testcase> <!-- check -->
</testsuite> <!-- Adding customer  -->
