<?xml version="1.0" encoding="UTF-8"?>
<!-- Generated by org.testng.reporters.JUnitXMLReporter -->
<testsuite ignored="0" hostname="DESKTOP-PH7A2OE" failures="0" tests="1" name="logintest" time="0.045" errors="0" timestamp="2020-04-18T10:13:22 IST">
  <testcase classname="com.w2a.base.TestBase" name="@BeforeSuite setUp" time="9.026">
    <failure type="java.lang.NullPointerException">
      <![CDATA[java.lang.NullPointerException
at com.w2a.base.TestBase.setUp(TestBase.java:83)
... Removed 23 stack frames]]>
    </failure>
  </testcase> <!-- @BeforeSuite setUp -->
  <testcase classname="com.w2a.testcases.LoginTest" name="LoginAsBankManager" time="0.0">
    <skipped/>
  </testcase> <!-- LoginAsBankManager -->
</testsuite> <!-- logintest -->
