<?xml version="1.0" encoding="UTF-8"?>
<!-- Generated by org.testng.reporters.JUnitXMLReporter -->
<testsuite ignored="0" hostname="DESKTOP-PH7A2OE" failures="0" tests="3" name="opening account" time="0.139" errors="0" timestamp="2020-04-18T10:13:24 IST">
  <testcase classname="com.w2a.testcases.OpenAccount" name="open" time="0.0">
    <skipped/>
  </testcase> <!-- open -->
  <testcase classname="com.w2a.testcases.OpenAccount" name="open" time="0.0">
    <skipped/>
  </testcase> <!-- open -->
  <testcase classname="com.w2a.testcases.OpenAccount" name="open" time="0.0">
    <skipped/>
  </testcase> <!-- open -->
</testsuite> <!-- opening account -->
