<?xml version="1.0" encoding="UTF-8"?>
<testsuite name="Adding customer "
           tests="4"
           failures="0"
           errors="0"
           skipped="4"
           time="0.000">
  <properties />
  
            <testcase name="add" time="0.0" classname="com.w2a.testcases.AddCust">
          <skipped />
    </testcase>
            <testcase name="add" time="0.0" classname="com.w2a.testcases.AddCust">
          <skipped />
    </testcase>
            <testcase name="check" time="0.0" classname="com.w2a.testcases.AddCust">
          <skipped />
    </testcase>
            <testcase name="add" time="0.0" classname="com.w2a.testcases.AddCust">
          <skipped />
    </testcase>
  
  
</testsuite>
