<?xml version="1.0" encoding="UTF-8"?>
<testsuite name="opening account"
           tests="5"
           failures="1"
           errors="0"
           skipped="4"
           time="-1587184995.883">
  <properties />
            <testcase name="setUp" time="9.026" classname="com.w2a.testcases.OpenAccount">
                <failure type="java.lang.NullPointerException"
                  message="(null)"
              >
<![CDATA[java.lang.NullPointerException
  com.w2a.base.TestBase.setUp(TestBase.java:83)
  java.base/jdk.internal.reflect.NativeMethodAccessorImpl.invoke0(Native Method)
  java.base/jdk.internal.reflect.NativeMethodAccessorImpl.invoke(NativeMethodAccessorImpl.java:62)
  java.base/jdk.internal.reflect.DelegatingMethodAccessorImpl.invoke(DelegatingMethodAccessorImpl.java:43)
  java.base/java.lang.reflect.Method.invoke(Method.java:567)
  org.testng.internal.MethodInvocationHelper.invokeMethod(MethodInvocationHelper.java:134)
  org.testng.internal.MethodInvocationHelper.invokeMethodConsideringTimeout(MethodInvocationHelper.java:63)
  org.testng.internal.ConfigInvoker.invokeConfigurationMethod(ConfigInvoker.java:348)
  org.testng.internal.ConfigInvoker.invokeConfigurations(ConfigInvoker.java:302)
  org.testng.SuiteRunner.privateRun(SuiteRunner.java:327)
  org.testng.SuiteRunner.run(SuiteRunner.java:286)
  org.testng.SuiteRunnerWorker.runSuite(SuiteRunnerWorker.java:53)
  org.testng.SuiteRunnerWorker.run(SuiteRunnerWorker.java:96)
  org.testng.TestNG.runSuitesSequentially(TestNG.java:1187)
  org.testng.TestNG.runSuitesLocally(TestNG.java:1109)
  org.testng.TestNG.runSuites(TestNG.java:1039)
  org.testng.TestNG.run(TestNG.java:1007)
  org.apache.maven.surefire.testng.TestNGExecutor.run(TestNGExecutor.java:283)
  org.apache.maven.surefire.testng.TestNGXmlTestSuite.execute(TestNGXmlTestSuite.java:75)
  org.apache.maven.surefire.testng.TestNGProvider.invoke(TestNGProvider.java:120)
  org.apache.maven.surefire.booter.ForkedBooter.runSuitesInProcess(ForkedBooter.java:377)
  org.apache.maven.surefire.booter.ForkedBooter.execute(ForkedBooter.java:138)
  org.apache.maven.surefire.booter.ForkedBooter.run(ForkedBooter.java:465)
  org.apache.maven.surefire.booter.ForkedBooter.main(ForkedBooter.java:451)
]]>
      </failure>

          </testcase>
  
            <testcase name="tearDown" time="0.0" classname="com.w2a.testcases.OpenAccount">
          <skipped />
    </testcase>
            <testcase name="open" time="0.0" classname="com.w2a.testcases.OpenAccount">
          <skipped />
    </testcase>
            <testcase name="open" time="0.0" classname="com.w2a.testcases.OpenAccount">
          <skipped />
    </testcase>
            <testcase name="open" time="0.0" classname="com.w2a.testcases.OpenAccount">
          <skipped />
    </testcase>
  
  
</testsuite>
